  skeleton.cpp
c:\users\axel_\onedrive\skrivbord\grafik\rasterizer\rasterizer\skeleton.cpp(81): warning C4244: '=': conversion from 'float' to 'int', possible loss of data
c:\users\axel_\onedrive\skrivbord\grafik\rasterizer\rasterizer\skeleton.cpp(82): warning C4244: '=': conversion from 'float' to 'int', possible loss of data
c:\users\axel_\onedrive\skrivbord\grafik\rasterizer\rasterizer\skeleton.cpp(87): warning C4267: 'initializing': conversion from 'size_t' to 'int', possible loss of data
c:\users\axel_\onedrive\skrivbord\grafik\rasterizer\rasterizer\skeleton.cpp(91): warning C4244: '=': conversion from 'int' to 'float', possible loss of data
c:\users\axel_\onedrive\skrivbord\grafik\rasterizer\rasterizer\skeleton.cpp(93): warning C4244: 'initializing': conversion from 'int' to 'float', possible loss of data
c:\users\axel_\onedrive\skrivbord\grafik\rasterizer\rasterizer\skeleton.cpp(95): warning C4244: 'initializing': conversion from 'int' to 'float', possible loss of data
c:\users\axel_\onedrive\skrivbord\grafik\rasterizer\rasterizer\skeleton.cpp(98): warning C4244: '=': conversion from 'float' to 'int', possible loss of data
c:\users\axel_\onedrive\skrivbord\grafik\rasterizer\rasterizer\skeleton.cpp(99): warning C4244: '=': conversion from 'float' to 'int', possible loss of data
c:\users\axel_\onedrive\skrivbord\grafik\rasterizer\rasterizer\skeleton.cpp(113): warning C4267: 'initializing': conversion from 'size_t' to 'int', possible loss of data
c:\users\axel_\onedrive\skrivbord\grafik\rasterizer\rasterizer\skeleton.cpp(117): warning C4244: '=': conversion from 'int' to 'float', possible loss of data
c:\users\axel_\onedrive\skrivbord\grafik\rasterizer\rasterizer\skeleton.cpp(123): warning C4244: 'initializing': conversion from 'int' to 'float', possible loss of data
c:\users\axel_\onedrive\skrivbord\grafik\rasterizer\rasterizer\skeleton.cpp(125): warning C4244: 'initializing': conversion from 'int' to 'float', possible loss of data
c:\users\axel_\onedrive\skrivbord\grafik\rasterizer\rasterizer\skeleton.cpp(136): warning C4244: '=': conversion from 'float' to 'int', possible loss of data
c:\users\axel_\onedrive\skrivbord\grafik\rasterizer\rasterizer\skeleton.cpp(137): warning C4244: '=': conversion from 'float' to 'int', possible loss of data
c:\users\axel_\onedrive\skrivbord\grafik\rasterizer\rasterizer\skeleton.cpp(147): warning C4267: 'initializing': conversion from 'size_t' to 'int', possible loss of data
c:\users\axel_\onedrive\skrivbord\grafik\rasterizer\rasterizer\skeleton.cpp(203): warning C4244: 'initializing': conversion from 'glm::int32' to 'float', possible loss of data
c:\users\axel_\onedrive\skrivbord\grafik\rasterizer\rasterizer\skeleton.cpp(204): warning C4244: 'initializing': conversion from 'glm::int32' to 'float', possible loss of data
c:\users\axel_\onedrive\skrivbord\grafik\rasterizer\rasterizer\skeleton.cpp(205): warning C4244: 'initializing': conversion from 'float' to 'int', possible loss of data
c:\users\axel_\onedrive\skrivbord\grafik\rasterizer\rasterizer\skeleton.cpp(247): warning C4244: '=': conversion from 'double' to 'float', possible loss of data
c:\users\axel_\onedrive\skrivbord\grafik\rasterizer\rasterizer\skeleton.cpp(248): warning C4244: '=': conversion from 'double' to 'float', possible loss of data
c:\users\axel_\onedrive\skrivbord\grafik\rasterizer\rasterizer\skeleton.cpp(249): warning C4244: '=': conversion from 'double' to 'float', possible loss of data
c:\users\axel_\onedrive\skrivbord\grafik\rasterizer\rasterizer\skeleton.cpp(260): warning C4267: 'initializing': conversion from 'size_t' to 'int', possible loss of data
  LINK : C:\Users\axel_\OneDrive\Skrivbord\Grafik\Rasterizer\x64\Debug\Rasterizer.exe not found or not built by the last incremental link; performing full link
LINK : warning LNK4031: no subsystem specified; CONSOLE assumed
MSVCRTD.lib(initializers.obj) : warning LNK4098: defaultlib 'msvcrt.lib' conflicts with use of other libs; use /NODEFAULTLIB:library
  Rasterizer.vcxproj -> C:\Users\axel_\OneDrive\Skrivbord\Grafik\Rasterizer\x64\Debug\Rasterizer.exe
  Rasterizer.vcxproj -> C:\Users\axel_\OneDrive\Skrivbord\Grafik\Rasterizer\x64\Debug\Rasterizer.pdb (Partial PDB)
